Start testing: May 04 15:07 CEST
----------------------------------------------------------
Unable to find executable: hello_test_NOT_BUILT
1/1 Testing: hello_test_NOT_BUILT
1/1 Test: hello_test_NOT_BUILT
Command: ""
Directory: /home/jimenez/my_project
"hello_test_NOT_BUILT" start time: 
Output:
----------------------------------------------------------
<end of output>
Test time =   0.00 sec
----------------------------------------------------------
Test Passed.
"hello_test_NOT_BUILT" end time: May 04 15:07 CEST
"hello_test_NOT_BUILT" time elapsed: 00:00:00
----------------------------------------------------------

End testing: May 04 15:07 CEST
