Start testing: May 04 16:56 CEST
----------------------------------------------------------
1/3 Testing: HelloTest.BasicAssertions
1/3 Test: HelloTest.BasicAssertions
Command: "/home/jimenez/my_project/build/hello_test" "--gtest_filter=HelloTest.BasicAssertions" "--gtest_also_run_disabled_tests"
Directory: /home/jimenez/my_project/build
"HelloTest.BasicAssertions" start time: May 04 16:56 CEST
Output:
----------------------------------------------------------
Running main() from /home/jimenez/my_project/build/_deps/googletest-src/googletest/src/gtest_main.cc
Note: Google Test filter = HelloTest.BasicAssertions
[==========] Running 1 test from 1 test suite.
[----------] Global test environment set-up.
[----------] 1 test from HelloTest
[ RUN      ] HelloTest.BasicAssertions
[       OK ] HelloTest.BasicAssertions (0 ms)
[----------] 1 test from HelloTest (0 ms total)

[----------] Global test environment tear-down
[==========] 1 test from 1 test suite ran. (0 ms total)
[  PASSED  ] 1 test.
<end of output>
Test time =   0.00 sec
----------------------------------------------------------
Test Passed.
"HelloTest.BasicAssertions" end time: May 04 16:56 CEST
"HelloTest.BasicAssertions" time elapsed: 00:00:00
----------------------------------------------------------

2/3 Testing: HelloTest.UseOnlyExpect
2/3 Test: HelloTest.UseOnlyExpect
Command: "/home/jimenez/my_project/build/hello_test" "--gtest_filter=HelloTest.UseOnlyExpect" "--gtest_also_run_disabled_tests"
Directory: /home/jimenez/my_project/build
"HelloTest.UseOnlyExpect" start time: May 04 16:56 CEST
Output:
----------------------------------------------------------
Running main() from /home/jimenez/my_project/build/_deps/googletest-src/googletest/src/gtest_main.cc
Note: Google Test filter = HelloTest.UseOnlyExpect
[==========] Running 1 test from 1 test suite.
[----------] Global test environment set-up.
[----------] 1 test from HelloTest
[ RUN      ] HelloTest.UseOnlyExpect
/home/jimenez/my_project/hello_test.cc:23: Failure
Expected equality of these values:
  7 * 6
    Which is: 42
  23423
/home/jimenez/my_project/hello_test.cc:25: Failure
Expected equality of these values:
  7 * 6
    Which is: 42
  23423
[  FAILED  ] HelloTest.UseOnlyExpect (0 ms)
[----------] 1 test from HelloTest (0 ms total)

[----------] Global test environment tear-down
[==========] 1 test from 1 test suite ran. (0 ms total)
[  PASSED  ] 0 tests.
[  FAILED  ] 1 test, listed below:
[  FAILED  ] HelloTest.UseOnlyExpect

 1 FAILED TEST
<end of output>
Test time =   0.00 sec
----------------------------------------------------------
Test Failed.
"HelloTest.UseOnlyExpect" end time: May 04 16:56 CEST
"HelloTest.UseOnlyExpect" time elapsed: 00:00:00
----------------------------------------------------------

3/3 Testing: HelloTest.UseOneAssertion
3/3 Test: HelloTest.UseOneAssertion
Command: "/home/jimenez/my_project/build/hello_test" "--gtest_filter=HelloTest.UseOneAssertion" "--gtest_also_run_disabled_tests"
Directory: /home/jimenez/my_project/build
"HelloTest.UseOneAssertion" start time: May 04 16:56 CEST
Output:
----------------------------------------------------------
Running main() from /home/jimenez/my_project/build/_deps/googletest-src/googletest/src/gtest_main.cc
Note: Google Test filter = HelloTest.UseOneAssertion
[==========] Running 1 test from 1 test suite.
[----------] Global test environment set-up.
[----------] 1 test from HelloTest
[ RUN      ] HelloTest.UseOneAssertion
/home/jimenez/my_project/hello_test.cc:36: Failure
Expected equality of these values:
  7 * 6
    Which is: 42
  23423
Product operation not working
[  FAILED  ] HelloTest.UseOneAssertion (0 ms)
[----------] 1 test from HelloTest (0 ms total)

[----------] Global test environment tear-down
[==========] 1 test from 1 test suite ran. (0 ms total)
[  PASSED  ] 0 tests.
[  FAILED  ] 1 test, listed below:
[  FAILED  ] HelloTest.UseOneAssertion

 1 FAILED TEST
<end of output>
Test time =   0.00 sec
----------------------------------------------------------
Test Failed.
"HelloTest.UseOneAssertion" end time: May 04 16:56 CEST
"HelloTest.UseOneAssertion" time elapsed: 00:00:00
----------------------------------------------------------

End testing: May 04 16:56 CEST
