Start testing: May 04 17:26 CEST
----------------------------------------------------------
1/1 Testing: testMath.myCubeTest
1/1 Test: testMath.myCubeTest
Command: "/home/jimenez/Google_test/Simple_project/build/arithmetics" "--gtest_filter=testMath.myCubeTest" "--gtest_also_run_disabled_tests"
Directory: /home/jimenez/Google_test/Simple_project/build
"testMath.myCubeTest" start time: May 04 17:26 CEST
Output:
----------------------------------------------------------
Running main() from /home/jimenez/Google_test/Simple_project/build/_deps/googletest-src/googletest/src/gtest_main.cc
Note: Google Test filter = testMath.myCubeTest
[==========] Running 1 test from 1 test suite.
[----------] Global test environment set-up.
[----------] 1 test from testMath
[ RUN      ] testMath.myCubeTest
/home/jimenez/Google_test/Simple_project/unittest_arithmetics.cpp:6: Failure
Expected equality of these values:
  100
  takeSquare(10)
    Which is: 1000
[  FAILED  ] testMath.myCubeTest (0 ms)
[----------] 1 test from testMath (0 ms total)

[----------] Global test environment tear-down
[==========] 1 test from 1 test suite ran. (0 ms total)
[  PASSED  ] 0 tests.
[  FAILED  ] 1 test, listed below:
[  FAILED  ] testMath.myCubeTest

 1 FAILED TEST
<end of output>
Test time =   0.00 sec
----------------------------------------------------------
Test Failed.
"testMath.myCubeTest" end time: May 04 17:26 CEST
"testMath.myCubeTest" time elapsed: 00:00:00
----------------------------------------------------------

End testing: May 04 17:26 CEST
